<?xml version="1.0" encoding="UTF-8"?>
<testsuite xmlns:xsi="http://www.w3.org/2001/XMLSchema-instance" xsi:noNamespaceSchemaLocation="https://maven.apache.org/surefire/maven-surefire-plugin/xsd/surefire-test-report.xsd" name="at.fhj.msd.JUnitTests" time="0.578" tests="12" errors="0" skipped="0" failures="0">
  <properties>
[...]
</properties>
  <testcase name="calcTestADD1" classname="at.fhj.msd.JUnitTests" time="0.549"/>
  <testcase name="calcTestfaculty" classname="at.fhj.msd.JUnitTests" time="0.001"/>
  <testcase name="calcTestDivide1" classname="at.fhj.msd.JUnitTests" time="0.001"/>
  <testcase name="calcTestDivide2" classname="at.fhj.msd.JUnitTests" time="0"/>
  <testcase name="calcThrowsArithmeticException" classname="at.fhj.msd.JUnitTests" time="0.014"/>
  <testcase name="calcTestAD2" classname="at.fhj.msd.JUnitTests" time="0"/>
  <testcase name="calcTestMultiply1" classname="at.fhj.msd.JUnitTests" time="0.001"/>
  <testcase name="calcTestMultiply2" classname="at.fhj.msd.JUnitTests" time="0.001"/>
  <testcase name="calcTestfaculty1" classname="at.fhj.msd.JUnitTests" time="0"/>
  <testcase name="calcTestfaculty2" classname="at.fhj.msd.JUnitTests" time="0"/>
  <testcase name="calcTestMinus1" classname="at.fhj.msd.JUnitTests" time="0.001"/>
  <testcase name="calcTestMinus2" classname="at.fhj.msd.JUnitTests" time="0"/>
</testsuite>